!SESSION 2013-05-21 08:52:43.359 -----------------------------------------------
eclipse.buildId=unknown
java.version=1.7.0_21
java.vendor=Oracle Corporation
BootLoader constants: OS=win32, ARCH=x86, WS=win32, NL=en_AU
Command-line arguments:  -dev file:C:/Users/10363859/workspace for RCP&RAP/.metadata/.plugins/org.eclipse.pde.core/SIDE/dev.properties -os win32 -ws win32 -arch x86 -consoleLog -console -data C:\Users\10363859\workspace for RCP&RAP/.metadata/.plugins/org.eclipse.rap.ui.launch/SIDE

!ENTRY org.eclipse.osgi 4 0 2013-05-21 08:52:44.289
!MESSAGE An unexpected runtime error has occurred.
!STACK 0
java.lang.NoClassDefFoundError: org/eclipse/rwt/internal/engine/ApplicationContextUtil
	at org.eclipse.rap.ui.internal.servlet.HttpServiceTracker.createAndInitializeRWTContext(HttpServiceTracker.java:228)
	at org.eclipse.rap.ui.internal.servlet.HttpServiceTracker.addingService(HttpServiceTracker.java:98)
	at org.osgi.util.tracker.ServiceTracker$Tracked.customizerAdding(ServiceTracker.java:980)
	at org.osgi.util.tracker.ServiceTracker$Tracked.customizerAdding(ServiceTracker.java:1)
	at org.osgi.util.tracker.AbstractTracked.trackAdding(AbstractTracked.java:262)
	at org.osgi.util.tracker.AbstractTracked.trackInitial(AbstractTracked.java:185)
	at org.osgi.util.tracker.ServiceTracker.open(ServiceTracker.java:348)
	at org.osgi.util.tracker.ServiceTracker.open(ServiceTracker.java:283)
	at org.eclipse.rap.ui.internal.servlet.HttpServiceTracker.access$2(HttpServiceTracker.java:1)
	at org.eclipse.rap.ui.internal.servlet.HttpServiceTracker$1.addingService(HttpServiceTracker.java:125)
	at org.osgi.util.tracker.ServiceTracker$Tracked.customizerAdding(ServiceTracker.java:980)
	at org.osgi.util.tracker.ServiceTracker$Tracked.customizerAdding(ServiceTracker.java:1)
	at org.osgi.util.tracker.AbstractTracked.trackAdding(AbstractTracked.java:262)
	at org.osgi.util.tracker.AbstractTracked.track(AbstractTracked.java:234)
	at org.osgi.util.tracker.ServiceTracker$Tracked.serviceChanged(ServiceTracker.java:941)
	at org.eclipse.osgi.internal.serviceregistry.FilteredServiceListener.serviceChanged(FilteredServiceListener.java:104)
	at org.eclipse.osgi.framework.internal.core.BundleContextImpl.dispatchEvent(BundleContextImpl.java:861)
	at org.eclipse.osgi.framework.eventmgr.EventManager.dispatchEvent(EventManager.java:230)
	at org.eclipse.osgi.framework.eventmgr.ListenerQueue.dispatchEventSynchronous(ListenerQueue.java:148)
	at org.eclipse.osgi.internal.serviceregistry.ServiceRegistry.publishServiceEventPrivileged(ServiceRegistry.java:819)
	at org.eclipse.osgi.internal.serviceregistry.ServiceRegistry.publishServiceEvent(ServiceRegistry.java:771)
	at org.eclipse.osgi.internal.serviceregistry.ServiceRegistrationImpl.register(ServiceRegistrationImpl.java:130)
	at org.eclipse.osgi.internal.serviceregistry.ServiceRegistry.registerService(ServiceRegistry.java:214)
	at org.eclipse.osgi.framework.internal.core.BundleContextImpl.registerService(BundleContextImpl.java:433)
	at org.eclipse.osgi.framework.internal.core.BundleContextImpl.registerService(BundleContextImpl.java:451)
	at org.eclipse.equinox.http.registry.internal.HttpServiceTracker.open(HttpServiceTracker.java:43)
	at org.eclipse.equinox.http.registry.internal.Activator.addingService(Activator.java:59)
	at org.osgi.util.tracker.ServiceTracker$Tracked.customizerAdding(ServiceTracker.java:980)
	at org.osgi.util.tracker.ServiceTracker$Tracked.customizerAdding(ServiceTracker.java:1)
	at org.osgi.util.tracker.AbstractTracked.trackAdding(AbstractTracked.java:262)
	at org.osgi.util.tracker.AbstractTracked.trackInitial(AbstractTracked.java:185)
	at org.osgi.util.tracker.ServiceTracker.open(ServiceTracker.java:348)
	at org.osgi.util.tracker.ServiceTracker.open(ServiceTracker.java:283)
	at org.eclipse.equinox.http.registry.internal.Activator.start(Activator.java:37)
	at org.eclipse.osgi.framework.internal.core.BundleContextImpl$1.run(BundleContextImpl.java:711)
	at java.security.AccessController.doPrivileged(Native Method)
	at org.eclipse.osgi.framework.internal.core.BundleContextImpl.startActivator(BundleContextImpl.java:702)
	at org.eclipse.osgi.framework.internal.core.BundleContextImpl.start(BundleContextImpl.java:683)
	at org.eclipse.osgi.framework.internal.core.BundleHost.startWorker(BundleHost.java:381)
	at org.eclipse.osgi.framework.internal.core.AbstractBundle.resume(AbstractBundle.java:389)
	at org.eclipse.osgi.framework.internal.core.Framework.resumeBundle(Framework.java:1131)
	at org.eclipse.osgi.framework.internal.core.StartLevelManager.resumeBundles(StartLevelManager.java:559)
	at org.eclipse.osgi.framework.internal.core.StartLevelManager.resumeBundles(StartLevelManager.java:544)
	at org.eclipse.osgi.framework.internal.core.StartLevelManager.incFWSL(StartLevelManager.java:457)
	at org.eclipse.osgi.framework.internal.core.StartLevelManager.doSetStartLevel(StartLevelManager.java:243)
	at org.eclipse.osgi.framework.internal.core.StartLevelManager.dispatchEvent(StartLevelManager.java:438)
	at org.eclipse.osgi.framework.internal.core.StartLevelManager.dispatchEvent(StartLevelManager.java:1)
	at org.eclipse.osgi.framework.eventmgr.EventManager.dispatchEvent(EventManager.java:230)
	at org.eclipse.osgi.framework.eventmgr.EventManager$EventThread.run(EventManager.java:340)
Caused by: java.lang.ClassNotFoundException: org.eclipse.rwt.internal.engine.ApplicationContextUtil
	at org.eclipse.osgi.internal.loader.BundleLoader.findClassInternal(BundleLoader.java:513)
	at org.eclipse.osgi.internal.loader.BundleLoader.findClass(BundleLoader.java:429)
	at org.eclipse.osgi.internal.loader.BundleLoader.findClass(BundleLoader.java:417)
	at org.eclipse.osgi.internal.baseadaptor.DefaultClassLoader.loadClass(DefaultClassLoader.java:107)
	at java.lang.ClassLoader.loadClass(Unknown Source)
	... 49 more

!ENTRY org.eclipse.rap.ui.workbench 4 0 2013-05-21 08:52:44.290
!MESSAGE FrameworkEvent ERROR
!STACK 0
java.lang.NoClassDefFoundError: org/eclipse/rwt/internal/engine/ApplicationContextUtil
	at org.eclipse.rap.ui.internal.servlet.HttpServiceTracker.createAndInitializeRWTContext(HttpServiceTracker.java:228)
	at org.eclipse.rap.ui.internal.servlet.HttpServiceTracker.addingService(HttpServiceTracker.java:98)
	at org.osgi.util.tracker.ServiceTracker$Tracked.customizerAdding(ServiceTracker.java:980)
	at org.osgi.util.tracker.ServiceTracker$Tracked.customizerAdding(ServiceTracker.java:1)
	at org.osgi.util.tracker.AbstractTracked.trackAdding(AbstractTracked.java:262)
	at org.osgi.util.tracker.AbstractTracked.trackInitial(AbstractTracked.java:185)
	at org.osgi.util.tracker.ServiceTracker.open(ServiceTracker.java:348)
	at org.osgi.util.tracker.ServiceTracker.open(ServiceTracker.java:283)
	at org.eclipse.rap.ui.internal.servlet.HttpServiceTracker.access$2(HttpServiceTracker.java:1)
	at org.eclipse.rap.ui.internal.servlet.HttpServiceTracker$1.addingService(HttpServiceTracker.java:125)
	at org.osgi.util.tracker.ServiceTracker$Tracked.customizerAdding(ServiceTracker.java:980)
	at org.osgi.util.tracker.ServiceTracker$Tracked.customizerAdding(ServiceTracker.java:1)
	at org.osgi.util.tracker.AbstractTracked.trackAdding(AbstractTracked.java:262)
	at org.osgi.util.tracker.AbstractTracked.track(AbstractTracked.java:234)
	at org.osgi.util.tracker.ServiceTracker$Tracked.serviceChanged(ServiceTracker.java:941)
	at org.eclipse.osgi.internal.serviceregistry.FilteredServiceListener.serviceChanged(FilteredServiceListener.java:104)
	at org.eclipse.osgi.framework.internal.core.BundleContextImpl.dispatchEvent(BundleContextImpl.java:861)
	at org.eclipse.osgi.framework.eventmgr.EventManager.dispatchEvent(EventManager.java:230)
	at org.eclipse.osgi.framework.eventmgr.ListenerQueue.dispatchEventSynchronous(ListenerQueue.java:148)
	at org.eclipse.osgi.internal.serviceregistry.ServiceRegistry.publishServiceEventPrivileged(ServiceRegistry.java:819)
	at org.eclipse.osgi.internal.serviceregistry.ServiceRegistry.publishServiceEvent(ServiceRegistry.java:771)
	at org.eclipse.osgi.internal.serviceregistry.ServiceRegistrationImpl.register(ServiceRegistrationImpl.java:130)
	at org.eclipse.osgi.internal.serviceregistry.ServiceRegistry.registerService(ServiceRegistry.java:214)
	at org.eclipse.osgi.framework.internal.core.BundleContextImpl.registerService(BundleContextImpl.java:433)
	at org.eclipse.osgi.framework.internal.core.BundleContextImpl.registerService(BundleContextImpl.java:451)
	at org.eclipse.equinox.http.registry.internal.HttpServiceTracker.open(HttpServiceTracker.java:43)
	at org.eclipse.equinox.http.registry.internal.Activator.addingService(Activator.java:59)
	at org.osgi.util.tracker.ServiceTracker$Tracked.customizerAdding(ServiceTracker.java:980)
	at org.osgi.util.tracker.ServiceTracker$Tracked.customizerAdding(ServiceTracker.java:1)
	at org.osgi.util.tracker.AbstractTracked.trackAdding(AbstractTracked.java:262)
	at org.osgi.util.tracker.AbstractTracked.trackInitial(AbstractTracked.java:185)
	at org.osgi.util.tracker.ServiceTracker.open(ServiceTracker.java:348)
	at org.osgi.util.tracker.ServiceTracker.open(ServiceTracker.java:283)
	at org.eclipse.equinox.http.registry.internal.Activator.start(Activator.java:37)
	at org.eclipse.osgi.framework.internal.core.BundleContextImpl$1.run(BundleContextImpl.java:711)
	at java.security.AccessController.doPrivileged(Native Method)
	at org.eclipse.osgi.framework.internal.core.BundleContextImpl.startActivator(BundleContextImpl.java:702)
	at org.eclipse.osgi.framework.internal.core.BundleContextImpl.start(BundleContextImpl.java:683)
	at org.eclipse.osgi.framework.internal.core.BundleHost.startWorker(BundleHost.java:381)
	at org.eclipse.osgi.framework.internal.core.AbstractBundle.resume(AbstractBundle.java:389)
	at org.eclipse.osgi.framework.internal.core.Framework.resumeBundle(Framework.java:1131)
	at org.eclipse.osgi.framework.internal.core.StartLevelManager.resumeBundles(StartLevelManager.java:559)
	at org.eclipse.osgi.framework.internal.core.StartLevelManager.resumeBundles(StartLevelManager.java:544)
	at org.eclipse.osgi.framework.internal.core.StartLevelManager.incFWSL(StartLevelManager.java:457)
	at org.eclipse.osgi.framework.internal.core.StartLevelManager.doSetStartLevel(StartLevelManager.java:243)
	at org.eclipse.osgi.framework.internal.core.StartLevelManager.dispatchEvent(StartLevelManager.java:438)
	at org.eclipse.osgi.framework.internal.core.StartLevelManager.dispatchEvent(StartLevelManager.java:1)
	at org.eclipse.osgi.framework.eventmgr.EventManager.dispatchEvent(EventManager.java:230)
	at org.eclipse.osgi.framework.eventmgr.EventManager$EventThread.run(EventManager.java:340)
Caused by: java.lang.ClassNotFoundException: org.eclipse.rwt.internal.engine.ApplicationContextUtil
	at org.eclipse.osgi.internal.loader.BundleLoader.findClassInternal(BundleLoader.java:513)
	at org.eclipse.osgi.internal.loader.BundleLoader.findClass(BundleLoader.java:429)
	at org.eclipse.osgi.internal.loader.BundleLoader.findClass(BundleLoader.java:417)
	at org.eclipse.osgi.internal.baseadaptor.DefaultClassLoader.loadClass(DefaultClassLoader.java:107)
	at java.lang.ClassLoader.loadClass(Unknown Source)
	... 49 more
